{
  "RSpec": {
    "coverage": {
      "/Users/bertmcguirk/sites/TwitterLover/app/controllers/application_controller.rb": [
        1,
        1,
        null
      ],
      "/Users/bertmcguirk/sites/TwitterLover/app/helpers/application_helper.rb": [
        1,
        null
      ],
      "/Users/bertmcguirk/sites/TwitterLover/app/helpers/searches_helper.rb": [
        1,
        null,
        null
      ],
      "/Users/bertmcguirk/sites/TwitterLover/app/controllers/searches_controller.rb": [
        1,
        1,
        null,
        null,
        1,
        9,
        9,
        9,
        null,
        9,
        null,
        9,
        9,
        null,
        0,
        null,
        9,
        null,
        null
      ],
      "/Users/bertmcguirk/sites/TwitterLover/app/models/tweet.rb": [
        1,
        1,
        1,
        null,
        1,
        1,
        1,
        1,
        1,
        null,
        1,
        null,
        1,
        1,
        1,
        1,
        1,
        null
      ],
      "/Users/bertmcguirk/sites/TwitterLover/lib/tasks/import_stream.rake": [
        1,
        1,
        1,
        null,
        1,
        1,
        1,
        null,
        null,
        null,
        1,
        1,
        1,
        null,
        null,
        1,
        1,
        1,
        1,
        null,
        1,
        735,
        12,
        null,
        null,
        null,
        null,
        12,
        null,
        735,
        null,
        null,
        null,
        null,
        null,
        null,
        null,
        1,
        1,
        1,
        0,
        0,
        null,
        null,
        1,
        1,
        0,
        0,
        0,
        null,
        null
      ]
    },
    "timestamp": 1397198068
  }
}
